0 info it worked if it ends with ok
1 verbose cli [ '/usr/local/opt/nvm/versions/node/v0.12.7/bin/node',
1 verbose cli   '/usr/local/opt/nvm/versions/node/v0.12.7/bin/npm',
1 verbose cli   'update',
1 verbose cli   'webpack' ]
2 info using npm@2.11.3
3 info using node@v0.12.7
4 verbose node symlink /usr/local/opt/nvm/versions/node/v0.12.7/bin/node
5 silly mapToRegistry name webpack
6 silly mapToRegistry using default registry
7 silly mapToRegistry registry https://registry.npmjs.org/
8 silly mapToRegistry uri https://registry.npmjs.org/webpack
9 verbose request uri https://registry.npmjs.org/webpack
10 verbose request no auth needed
11 info attempt registry request try #1 at 23:24:07
12 verbose request id efe3ea594320789c
13 verbose etag "6UOVC84C6GR4FP1Z9H5T2QUWH"
14 http request GET https://registry.npmjs.org/webpack
15 http 200 https://registry.npmjs.org/webpack
16 silly get cb [ 200,
16 silly get   { server: 'CouchDB/1.5.0 (Erlang OTP/R16B03)',
16 silly get     etag: '"4Y2UB2IJZNZQ91LC2TRE6HEEC"',
16 silly get     'content-type': 'application/json',
16 silly get     'cache-control': 'max-age=60',
16 silly get     'content-length': '669128',
16 silly get     'accept-ranges': 'bytes',
16 silly get     date: 'Mon, 20 Jul 2015 15:24:09 GMT',
16 silly get     via: '1.1 varnish',
16 silly get     age: '0',
16 silly get     connection: 'keep-alive',
16 silly get     'x-served-by': 'cache-bma7028-BMA',
16 silly get     'x-cache': 'HIT',
16 silly get     'x-cache-hits': '1',
16 silly get     'x-timer': 'S1437405849.296450,VS0,VE488',
16 silly get     vary: 'Accept' } ]
17 verbose get saving webpack to /Users/Reacher/.npm/registry.npmjs.org/webpack/.cache.json
18 info outdated updating [ [ '/Users/Reacher/Documents/projects/Focus',
18 info outdated     'webpack',
18 info outdated     '1.9.11',
18 info outdated     '1.10.1',
18 info outdated     '1.10.1',
18 info outdated     '^1.9.11' ] ]
19 verbose install where, what [ '/Users/Reacher/Documents/projects/Focus',
19 verbose install   [ 'webpack@1.10.1' ] ]
20 verbose install initial load of /Users/Reacher/Documents/projects/Focus/package.json
21 verbose installManyTop reading scoped package data from /Users/Reacher/Documents/projects/Focus/node_modules/babel-core/package.json
22 verbose installManyTop reading scoped package data from /Users/Reacher/Documents/projects/Focus/node_modules/babel-loader/package.json
23 verbose installManyTop reading scoped package data from /Users/Reacher/Documents/projects/Focus/node_modules/classnames/package.json
24 verbose installManyTop reading scoped package data from /Users/Reacher/Documents/projects/Focus/node_modules/compass-mixins/package.json
25 verbose installManyTop reading scoped package data from /Users/Reacher/Documents/projects/Focus/node_modules/css/package.json
26 verbose installManyTop reading scoped package data from /Users/Reacher/Documents/projects/Focus/node_modules/css-loader/package.json
27 verbose installManyTop reading scoped package data from /Users/Reacher/Documents/projects/Focus/node_modules/extract-text-webpack-plugin/package.json
28 verbose installManyTop reading scoped package data from /Users/Reacher/Documents/projects/Focus/node_modules/flux/package.json
29 verbose installManyTop reading scoped package data from /Users/Reacher/Documents/projects/Focus/node_modules/gsap/package.json
30 verbose installManyTop reading scoped package data from /Users/Reacher/Documents/projects/Focus/node_modules/jquery/package.json
31 verbose installManyTop reading scoped package data from /Users/Reacher/Documents/projects/Focus/node_modules/jsx-loader/package.json
32 verbose installManyTop reading scoped package data from /Users/Reacher/Documents/projects/Focus/node_modules/node-libs-browser/package.json
33 verbose installManyTop reading scoped package data from /Users/Reacher/Documents/projects/Focus/node_modules/node-sass/package.json
34 verbose installManyTop reading scoped package data from /Users/Reacher/Documents/projects/Focus/node_modules/react/package.json
35 verbose installManyTop reading scoped package data from /Users/Reacher/Documents/projects/Focus/node_modules/react-hot-loader/package.json
36 verbose installManyTop reading scoped package data from /Users/Reacher/Documents/projects/Focus/node_modules/sass-loader/package.json
37 verbose installManyTop reading scoped package data from /Users/Reacher/Documents/projects/Focus/node_modules/style-loader/package.json
38 verbose installManyTop reading scoped package data from /Users/Reacher/Documents/projects/Focus/node_modules/webpack/package.json
39 verbose installManyTop reading scoped package data from /Users/Reacher/Documents/projects/Focus/node_modules/webpack-dev-server/package.json
40 verbose readDependencies loading dependencies from /Users/Reacher/Documents/projects/Focus/package.json
41 silly cache add args [ 'webpack@1.10.1', null ]
42 verbose cache add spec webpack@1.10.1
43 silly cache add parsed spec { raw: 'webpack@1.10.1',
43 silly cache add   scope: null,
43 silly cache add   name: 'webpack',
43 silly cache add   rawSpec: '1.10.1',
43 silly cache add   spec: '1.10.1',
43 silly cache add   type: 'version' }
44 silly addNamed webpack@1.10.1
45 verbose addNamed "1.10.1" is a plain semver version for webpack
46 silly mapToRegistry name webpack
47 silly mapToRegistry using default registry
48 silly mapToRegistry registry https://registry.npmjs.org/
49 silly mapToRegistry uri https://registry.npmjs.org/webpack
50 verbose addNameVersion registry:https://registry.npmjs.org/webpack not in flight; fetching
51 verbose get https://registry.npmjs.org/webpack not expired, no request
52 silly mapToRegistry name webpack
53 silly mapToRegistry using default registry
54 silly mapToRegistry registry https://registry.npmjs.org/
55 silly mapToRegistry uri https://registry.npmjs.org/webpack
56 verbose addRemoteTarball https://registry.npmjs.org/webpack/-/webpack-1.10.1.tgz not in flight; adding
57 verbose addRemoteTarball [ 'https://registry.npmjs.org/webpack/-/webpack-1.10.1.tgz',
57 verbose addRemoteTarball   '0eab6b711ae6e919230546718291cc5cef115d2b' ]
58 info retry fetch attempt 1 at 23:24:17
59 info attempt registry request try #1 at 23:24:17
60 http fetch GET https://registry.npmjs.org/webpack/-/webpack-1.10.1.tgz
61 http fetch 200 https://registry.npmjs.org/webpack/-/webpack-1.10.1.tgz
62 silly fetchAndShaCheck shasum 0eab6b711ae6e919230546718291cc5cef115d2b
63 verbose addTmpTarball /var/folders/gt/blrn8s4x2dz381mfj1xnwrqm0000gn/T/npm-13077-d2ac6b0e/registry.npmjs.org/webpack/-/webpack-1.10.1.tgz not in flight; adding
64 verbose addTmpTarball already have metadata; skipping unpack for webpack@1.10.1
65 silly cache afterAdd webpack@1.10.1
66 verbose afterAdd /Users/Reacher/.npm/webpack/1.10.1/package/package.json not in flight; writing
67 verbose afterAdd /Users/Reacher/.npm/webpack/1.10.1/package/package.json written
68 silly install resolved [ { name: 'webpack',
68 silly install resolved     version: '1.10.1',
68 silly install resolved     author: { name: 'Tobias Koppers @sokra' },
68 silly install resolved     description: 'Packs CommonJs/AMD modules for the browser. Allows to split your codebase into multiple bundles, which can be loaded on demand. Support loaders to preprocess files, i.e. json, jade, coffee, css, less, ... and your custom stuff.',
68 silly install resolved     dependencies:
68 silly install resolved      { async: '~0.9.0',
68 silly install resolved        clone: '~1.0.2',
68 silly install resolved        'enhanced-resolve': '~0.8.2',
68 silly install resolved        esprima: '~1.2.0',
68 silly install resolved        interpret: '^0.5.2',
68 silly install resolved        'memory-fs': '~0.2.0',
68 silly install resolved        mkdirp: '~0.5.0',
68 silly install resolved        optimist: '~0.6.0',
68 silly install resolved        'supports-color': '^1.2.0',
68 silly install resolved        tapable: '~0.1.8',
68 silly install resolved        'uglify-js': '~2.4.13',
68 silly install resolved        watchpack: '^0.2.1',
68 silly install resolved        'webpack-core': '~0.6.0' },
68 silly install resolved     peerDependencies: { 'node-libs-browser': '>= 0.4.0 <=0.6.0' },
68 silly install resolved     license: 'MIT',
68 silly install resolved     devDependencies:
68 silly install resolved      { benchmark: '^1.0.0',
68 silly install resolved        'bundle-loader': '~0.5.0',
68 silly install resolved        'codecov.io': '^0.1.2',
68 silly install resolved        'coffee-loader': '~0.7.1',
68 silly install resolved        'component-webpack-plugin': '~0.2.0',
68 silly install resolved        coveralls: '^2.11.2',
68 silly install resolved        'css-loader': '~0.14.0',
68 silly install resolved        eslint: '^0.21.0',
68 silly install resolved        express: '~3.4.8',
68 silly install resolved        'extract-text-webpack-plugin': '~0.8.0',
68 silly install resolved        'file-loader': '~0.8.0',
68 silly install resolved        'i18n-webpack-plugin': '~0.2.0',
68 silly install resolved        istanbul: '^0.3.13',
68 silly install resolved        'jade-loader': '~0.7.0',
68 silly install resolved        'json-loader': '~0.5.1',
68 silly install resolved        'less-loader': '^2.0.0',
68 silly install resolved        microtime: '^1.2.0',
68 silly install resolved        mocha: '~2.2.0',
68 silly install resolved        'mocha-lcov-reporter': '0.0.2',
68 silly install resolved        'raw-loader': '~0.5.0',
68 silly install resolved        'script-loader': '~0.6.0',
68 silly install resolved        should: '^6.0.1',
68 silly install resolved        'style-loader': '~0.12.0',
68 silly install resolved        'url-loader': '~0.5.0',
68 silly install resolved        'val-loader': '~0.5.0',
68 silly install resolved        'vm-browserify': '~0.0.0',
68 silly install resolved        'webpack-dev-middleware': '^1.0.0',
68 silly install resolved        'worker-loader': '~0.6.0' },
68 silly install resolved     engines: { node: '>=0.6' },
68 silly install resolved     repository:
68 silly install resolved      { type: 'git',
68 silly install resolved        url: 'git+ssh://git@github.com/webpack/webpack.git' },
68 silly install resolved     homepage: 'http://github.com/webpack/webpack',
68 silly install resolved     main: 'lib/webpack.js',
68 silly install resolved     web: 'lib/webpack.web.js',
68 silly install resolved     bin: { webpack: './bin/webpack.js' },
68 silly install resolved     files: [ 'lib/', 'bin/', 'buildin/', 'hot/', 'web_modules/' ],
68 silly install resolved     scripts:
68 silly install resolved      { pretest: 'npm run lint',
68 silly install resolved        test: 'mocha',
68 silly install resolved        travis: 'npm run cover -- --report lcovonly',
68 silly install resolved        lint: 'eslint lib',
68 silly install resolved        precover: 'npm run lint',
68 silly install resolved        cover: 'istanbul cover -x *.runtime.js node_modules/mocha/bin/_mocha',
68 silly install resolved        'publish-patch': 'mocha && npm version patch && git push && git push --tags && npm publish' },
68 silly install resolved     gitHead: 'f711f66f4cec8c72ba6a831eba8e662149508951',
68 silly install resolved     bugs: { url: 'https://github.com/webpack/webpack/issues' },
68 silly install resolved     _id: 'webpack@1.10.1',
68 silly install resolved     _shasum: '0eab6b711ae6e919230546718291cc5cef115d2b',
68 silly install resolved     _from: 'webpack@1.10.1',
68 silly install resolved     _npmVersion: '2.10.1',
68 silly install resolved     _nodeVersion: '0.12.4',
68 silly install resolved     _npmUser: { name: 'sokra', email: 'tobias.koppers@googlemail.com' },
68 silly install resolved     maintainers: [ [Object] ],
68 silly install resolved     dist:
68 silly install resolved      { shasum: '0eab6b711ae6e919230546718291cc5cef115d2b',
68 silly install resolved        tarball: 'http://registry.npmjs.org/webpack/-/webpack-1.10.1.tgz' },
68 silly install resolved     directories: {},
68 silly install resolved     _resolved: 'https://registry.npmjs.org/webpack/-/webpack-1.10.1.tgz' } ]
69 info install webpack@1.10.1 into /Users/Reacher/Documents/projects/Focus
70 info installOne webpack@1.10.1
71 verbose installOne of webpack to /Users/Reacher/Documents/projects/Focus not in flight; installing
72 verbose lock using /Users/Reacher/.npm/_locks/webpack-39e2e71fabcf9423.lock for /Users/Reacher/Documents/projects/Focus/node_modules/webpack
73 silly install write writing webpack 1.10.1 to /Users/Reacher/Documents/projects/Focus/node_modules/webpack
74 verbose unbuild node_modules/webpack
75 info preuninstall webpack@1.9.11
76 info uninstall webpack@1.9.11
77 verbose unbuild rmStuff webpack@1.9.11 from /Users/Reacher/Documents/projects/Focus/node_modules
78 silly gentlyRm /Users/Reacher/Documents/projects/Focus/node_modules/.bin/webpack is being gently removed
79 silly gentlyRm verifying /Users/Reacher/Documents/projects/Focus is an npm working directory
80 silly gentlyRm containing path /Users/Reacher/Documents/projects/Focus is under npm's control, in /Users/Reacher/Documents/projects/Focus
81 silly gentlyRm deletion target /Users/Reacher/Documents/projects/Focus/node_modules/.bin/webpack is under /Users/Reacher/Documents/projects/Focus
82 verbose gentlyRm vacuuming from /Users/Reacher/Documents/projects/Focus/node_modules/.bin/webpack up to /Users/Reacher/Documents/projects/Focus
83 silly vacuum-fs removing /Users/Reacher/Documents/projects/Focus/node_modules/.bin/webpack
84 verbose unlock done using /Users/Reacher/.npm/_locks/webpack-39e2e71fabcf9423.lock for /Users/Reacher/Documents/projects/Focus/node_modules/webpack
85 verbose stack Error: EACCES, unlink '/Users/Reacher/Documents/projects/Focus/node_modules/.bin/webpack'
85 verbose stack     at Error (native)
86 verbose cwd /Users/Reacher/Documents/projects/Focus
87 error Darwin 14.4.0
88 error argv "/usr/local/opt/nvm/versions/node/v0.12.7/bin/node" "/usr/local/opt/nvm/versions/node/v0.12.7/bin/npm" "update" "webpack"
89 error node v0.12.7
90 error npm  v2.11.3
91 error path /Users/Reacher/Documents/projects/Focus/node_modules/.bin/webpack
92 error code EACCES
93 error errno -13
94 error Error: EACCES, unlink '/Users/Reacher/Documents/projects/Focus/node_modules/.bin/webpack'
94 error     at Error (native)
94 error  { [Error: EACCES, unlink '/Users/Reacher/Documents/projects/Focus/node_modules/.bin/webpack']
94 error   errno: -13,
94 error   code: 'EACCES',
94 error   path: '/Users/Reacher/Documents/projects/Focus/node_modules/.bin/webpack' }
95 error Please try running this command again as root/Administrator.
96 verbose exit [ -13, true ]
97 verbose unbuild node_modules/webpack
98 info preuninstall webpack@1.9.11
99 info uninstall webpack@1.9.11
100 verbose unbuild rmStuff webpack@1.9.11 from /Users/Reacher/Documents/projects/Focus/node_modules
101 silly gentlyRm /Users/Reacher/Documents/projects/Focus/node_modules/.bin/webpack is being gently removed
102 silly gentlyRm verifying /Users/Reacher/Documents/projects/Focus is an npm working directory
103 silly gentlyRm containing path /Users/Reacher/Documents/projects/Focus is under npm's control, in /Users/Reacher/Documents/projects/Focus
104 silly gentlyRm deletion target /Users/Reacher/Documents/projects/Focus/node_modules/.bin/webpack is under /Users/Reacher/Documents/projects/Focus
105 verbose gentlyRm vacuuming from /Users/Reacher/Documents/projects/Focus/node_modules/.bin/webpack up to /Users/Reacher/Documents/projects/Focus
106 silly vacuum-fs removing /Users/Reacher/Documents/projects/Focus/node_modules/.bin/webpack
107 error error rolling back Error: EACCES, unlink '/Users/Reacher/Documents/projects/Focus/node_modules/.bin/webpack'
107 error error rolling back     at Error (native)
107 error error rolling back  { [Error: EACCES, unlink '/Users/Reacher/Documents/projects/Focus/node_modules/.bin/webpack']
107 error error rolling back   errno: -13,
107 error error rolling back   code: 'EACCES',
107 error error rolling back   path: '/Users/Reacher/Documents/projects/Focus/node_modules/.bin/webpack' }
